<?xml version="1.0" encoding="UTF-8"?>
<testsuite name="ID2299Test" tests="1" skipped="0" failures="0" errors="0" timestamp="2025-07-24T18:31:53.179Z" hostname="MacBook-Air-Gleb.local" time="0.006">
  <properties/>
  <testcase name="test()" classname="ID2299Test" time="0.006"/>
  <system-out><![CDATA[]]></system-out>
  <system-err><![CDATA[]]></system-err>
</testsuite>
